<?xml version="1.0" encoding="UTF-8"?>
<!-- Generated by org.testng.reporters.JUnitXMLReporter -->
<testsuite ignored="1" hostname="DESKTOP-7FOVLSH" failures="0" tests="1" name="Default test" time="0.085" errors="0" timestamp="2024-11-05T09:56:25 IST">
  <testcase classname="com.EpsomD.GenericLibrary.BaseTest" name="@BeforeClass browserSetup" time="-1.730780785576E9">
    <failure type="org.testng.TestNGException" message="
Parameter &amp;apos;browsername&amp;apos; is required by BeforeClass on method browserSetup but has not been marked @Optional or defined
in C:\Users\Revathi\AppData\Local\Temp\testng-eclipse-1802949200\testng-customsuite.xml">
      <![CDATA[org.testng.TestNGException: 
Parameter 'browsername' is required by BeforeClass on method browserSetup but has not been marked @Optional or defined
in C:\Users\Revathi\AppData\Local\Temp\testng-eclipse-1802949200\testng-customsuite.xml
at org.testng.internal.Parameters.createParams(Parameters.java:267)
at org.testng.internal.Parameters.createParametersForMethod(Parameters.java:355)
at org.testng.internal.Parameters.createParameters(Parameters.java:684)
at org.testng.internal.Parameters.createConfigurationParameters(Parameters.java:166)
at org.testng.internal.invokers.ConfigInvoker.invokeConfigurations(ConfigInvoker.java:277)
at org.testng.internal.invokers.TestMethodWorker.invokeBeforeClassMethods(TestMethodWorker.java:180)
at org.testng.internal.invokers.TestMethodWorker.run(TestMethodWorker.java:122)
at java.base/java.util.ArrayList.forEach(ArrayList.java:1511)
at org.testng.TestRunner.privateRun(TestRunner.java:829)
at org.testng.TestRunner.run(TestRunner.java:602)
at org.testng.SuiteRunner.runTest(SuiteRunner.java:437)
at org.testng.SuiteRunner.runSequentially(SuiteRunner.java:431)
at org.testng.SuiteRunner.privateRun(SuiteRunner.java:391)
at org.testng.SuiteRunner.run(SuiteRunner.java:330)
at org.testng.SuiteRunnerWorker.runSuite(SuiteRunnerWorker.java:52)
at org.testng.SuiteRunnerWorker.run(SuiteRunnerWorker.java:95)
at org.testng.TestNG.runSuitesSequentially(TestNG.java:1256)
at org.testng.TestNG.runSuitesLocally(TestNG.java:1176)
at org.testng.TestNG.runSuites(TestNG.java:1099)
at org.testng.TestNG.run(TestNG.java:1067)
at org.testng.remote.AbstractRemoteTestNG.run(AbstractRemoteTestNG.java:115)
at org.testng.remote.RemoteTestNG.initAndRun(RemoteTestNG.java:293)
at org.testng.remote.RemoteTestNG.main(RemoteTestNG.java:91)
]]>
    </failure>
  </testcase> <!-- @BeforeClass browserSetup -->
  <testcase classname="com.EpsomD.GenericLibrary.BaseTest" name="@AfterClass terminateBrowser" time="0.0">
    <skipped/>
  </testcase> <!-- @AfterClass terminateBrowser -->
  <testcase classname="com.EpsomD.WelcomTest.VerifyWelcomePage_Test" name="verifyWelcomePageWithValidInput" time="0.0">
    <skipped/>
  </testcase> <!-- verifyWelcomePageWithValidInput -->
  <testcase classname="com.EpsomD.WelcomTest.VerifyWelcomePage_Test" name="verifyWelcomePageWithInValidInput" time="0.0">
    <ignored/>
  </testcase> <!-- verifyWelcomePageWithInValidInput -->
</testsuite> <!-- Default test -->
